Running main() from gtest_main.cc
[==========] Running 7 tests from 3 test cases.
[----------] Global test environment set-up.
[----------] 1 test from GameTest
[ RUN      ] GameTest.GameTest
[       OK ] GameTest.GameTest (0 ms)
[----------] 1 test from GameTest (0 ms total)

[----------] 3 tests from FoodTest
[ RUN      ] FoodTest.InitializationTest
[       OK ] FoodTest.InitializationTest (0 ms)
[ RUN      ] FoodTest.GeneratePositionTest
[       OK ] FoodTest.GeneratePositionTest (1 ms)
[ RUN      ] FoodTest.SetIsThereFoodTest
[       OK ] FoodTest.SetIsThereFoodTest (0 ms)
[----------] 3 tests from FoodTest (1 ms total)

[----------] 3 tests from SnakeTest
[ RUN      ] SnakeTest.InitializationTest
[       OK ] SnakeTest.InitializationTest (0 ms)
[ RUN      ] SnakeTest.MoveTest
[       OK ] SnakeTest.MoveTest (0 ms)
[ RUN      ] SnakeTest.GrowTest
[       OK ] SnakeTest.GrowTest (0 ms)
[----------] 3 tests from SnakeTest (0 ms total)

[----------] Global test environment tear-down
[==========] 7 tests from 3 test cases ran. (1 ms total)
[  PASSED  ] 7 tests.
